<?xml version="1.0" encoding="UTF-8"?>
<testsuite xmlns:xsi="http://www.w3.org/2001/XMLSchema-instance" xsi:schemaLocation="https://maven.apache.org/surefire/maven-surefire-plugin/xsd/surefire-test-report.xsd" name="CucumberTestSuite" time="100.132" tests="20" errors="4" skipped="4" failures="0">
  <properties>
    <property name="java.runtime.name" value="Java(TM) SE Runtime Environment"/>
    <property name="java.vm.version" value="11.0.14+8-LTS-263"/>
    <property name="sun.boot.library.path" value="C:\Program Files\Java\jdk-11.0.14\bin"/>
    <property name="maven.multiModuleProjectDirectory" value="D:\CAPSTONE PROJECT KELOMPOK 32\Android Test"/>
    <property name="java.vm.vendor" value="Oracle Corporation"/>
    <property name="java.vendor.url" value="https://openjdk.java.net/"/>
    <property name="guice.disable.misplaced.annotation.check" value="true"/>
    <property name="path.separator" value=";"/>
    <property name="java.vm.name" value="Java HotSpot(TM) 64-Bit Server VM"/>
    <property name="sun.os.patch.level" value=""/>
    <property name="user.script" value=""/>
    <property name="user.country" value="ID"/>
    <property name="sun.java.launcher" value="SUN_STANDARD"/>
    <property name="java.vm.specification.name" value="Java Virtual Machine Specification"/>
    <property name="user.dir" value="D:\CAPSTONE PROJECT KELOMPOK 32\Android Test"/>
    <property name="java.vm.compressedOopsMode" value="32-bit"/>
    <property name="java.runtime.version" value="11.0.14+8-LTS-263"/>
    <property name="java.awt.graphicsenv" value="sun.awt.Win32GraphicsEnvironment"/>
    <property name="os.arch" value="amd64"/>
    <property name="java.io.tmpdir" value="C:\Users\SITINU~1\AppData\Local\Temp\"/>
    <property name="line.separator" value="&#10;"/>
    <property name="java.vm.specification.vendor" value="Oracle Corporation"/>
    <property name="user.variant" value=""/>
    <property name="os.name" value="Windows 10"/>
    <property name="classworlds.conf" value="C:\Program Files\apache-maven-3.8.5\bin\m2.conf"/>
    <property name="sun.jnu.encoding" value="Cp1252"/>
    <property name="java.library.path" value="C:\Program Files\Java\jdk-11.0.14\bin;C:\windows\Sun\Java\bin;C:\windows\system32;C:\windows;C:\Program Files\Common Files\Oracle\Java\javapath;C:\windows\system32;C:\windows;C:\windows\System32\Wbem;C:\windows\System32\WindowsPowerShell\v1.0\;C:\windows\System32\OpenSSH\;C:\Program Files\Git\cmd;C:\Program Files\apache-maven-3.8.5\bin;C:\Program Files\Java\jdk1.8.0_221\bin;C:\Users\Siti Nurlatipah\webdriver;C:\Program Files\nodejs\;C:\Users\Siti Nurlatipah\AppData\Local\Android\Sdk\platform-tools;C:\Users\Siti Nurlatipah\AppData\Local\Android\Sdk\emulator;C:\Users\Siti Nurlatipah\AppData\Local\Microsoft\WindowsApps;C:\Users\Siti Nurlatipah\AppData\Local\Programs\Microsoft VS Code\bin;C:\Program Files\Java\jdk-11.0.14;C:\Users\Siti Nurlatipah\AppData\Roaming\npm;C:\Users\Siti Nurlatipah\AppData\Local\Android\Sdk\emulator;C:\Users\Siti Nurlatipah\AppData\Local\Android\Sdk\platform-tools;C:\Program Files\Java\jdk-11.0.14\bin;C:\Program Files\apache-maven-3.8.5\bin;;."/>
    <property name="maven.conf" value="C:\Program Files\apache-maven-3.8.5/conf"/>
    <property name="jdk.debug" value="release"/>
    <property name="java.class.version" value="55.0"/>
    <property name="java.specification.name" value="Java Platform API Specification"/>
    <property name="sun.management.compiler" value="HotSpot 64-Bit Tiered Compilers"/>
    <property name="os.version" value="10.0"/>
    <property name="library.jansi.path" value="C:\Program Files\apache-maven-3.8.5\lib\jansi-native"/>
    <property name="user.home" value="C:\Users\Siti Nurlatipah"/>
    <property name="tags" value="@login"/>
    <property name="user.timezone" value="Asia/Bangkok"/>
    <property name="java.awt.printerjob" value="sun.awt.windows.WPrinterJob"/>
    <property name="file.encoding" value="Cp1252"/>
    <property name="java.specification.version" value="11"/>
    <property name="user.name" value="Siti Nurlatipah"/>
    <property name="java.class.path" value="C:\Program Files\apache-maven-3.8.5\boot\plexus-classworlds-2.6.0.jar"/>
    <property name="java.vm.specification.version" value="11"/>
    <property name="sun.arch.data.model" value="64"/>
    <property name="sun.java.command" value="org.codehaus.plexus.classworlds.launcher.Launcher clean verify -D tags=@login"/>
    <property name="java.home" value="C:\Program Files\Java\jdk-11.0.14"/>
    <property name="user.language" value="en"/>
    <property name="java.specification.vendor" value="Oracle Corporation"/>
    <property name="awt.toolkit" value="sun.awt.windows.WToolkit"/>
    <property name="java.vm.info" value="mixed mode"/>
    <property name="java.version" value="11.0.14"/>
    <property name="java.vendor" value="Oracle Corporation"/>
    <property name="sun.stderr.encoding" value="cp437"/>
    <property name="maven.home" value="C:\Program Files\apache-maven-3.8.5"/>
    <property name="file.separator" value="\"/>
    <property name="java.version.date" value="2022-01-18"/>
    <property name="java.vendor.url.bug" value="https://bugreport.java.com/bugreport/"/>
    <property name="sun.io.unicode.encoding" value="UnicodeLittle"/>
    <property name="sun.cpu.endian" value="little"/>
    <property name="java.vendor.version" value="18.9"/>
    <property name="sun.stdout.encoding" value="cp437"/>
    <property name="sun.desktop" value="windows"/>
    <property name="sun.cpu.isalist" value="amd64"/>
  </properties>
  <testcase name="user on login page" classname="User input valid email and password" time="20.314"/>
  <testcase name="user input valid email ii@gmail.com and valid password 123" classname="User input valid email and password" time="0.025">
    <error message="&quot;user input valid email ii@gmail.com and valid password 123&quot; matches more than one step definition:&#10;  &quot;user input valid email {}&quot; in test.automation.stepdefinitions.RegisterSteps.inputValidEmail(java.lang.String)&#10;  &quot;user input valid email {} and valid password {}&quot; in test.automation.stepdefinitions.LoginSteps.inputValidEmailandValidPassword(java.lang.String,java.lang.String)" type="io.cucumber.core.runner.AmbiguousStepDefinitionsException">io.cucumber.core.runner.AmbiguousStepDefinitionsException: 
"user input valid email ii@gmail.com and valid password 123" matches more than one step definition:
  "user input valid email {}" in test.automation.stepdefinitions.RegisterSteps.inputValidEmail(java.lang.String)
  "user input valid email {} and valid password {}" in test.automation.stepdefinitions.LoginSteps.inputValidEmailandValidPassword(java.lang.String,java.lang.String)
</error>
    <system-out><![CDATA[  &amp#27;[32mGiven &amp#27;[0m&amp#27;[32muser on login page&amp#27;[0m                                        &amp#27;[90m# test.automation.stepdefinitions.LoginSteps.onLoginPage()&amp#27;[0m
]]></system-out>
  </testcase>
  <testcase name="user click button login" classname="User input valid email and password" time="0">
    <skipped/>
    <system-out><![CDATA[  &amp#27;[31mWhen &amp#27;[0m&amp#27;[31muser input valid email ii@gmail.com and valid password 123&amp#27;[0m &amp#27;[90m# null&amp#27;[0m
      &amp#27;[31mio.cucumber.core.runner.AmbiguousStepDefinitionsException: "user input valid email ii@gmail.com and valid password 123" matches more than one step definition:
  "user input valid email {}" in test.automation.stepdefinitions.RegisterSteps.inputValidEmail(java.lang.String)
  "user input valid email {} and valid password {}" in test.automation.stepdefinitions.LoginSteps.inputValidEmailandValidPassword(java.lang.String,java.lang.String)
	at io.cucumber.core.runner.CachingGlue.findStepDefinitionMatch(CachingGlue.java:373)
	at io.cucumber.core.runner.CachingGlue.stepDefinitionMatch(CachingGlue.java:341)
	at io.cucumber.core.runner.Runner.matchStepToStepDefinition(Runner.java:148)
	at io.cucumber.core.runner.Runner.createTestStepsForPickleSteps(Runner.java:128)
	at io.cucumber.core.runner.Runner.createTestCaseForPickle(Runner.java:111)
	at io.cucumber.core.runner.Runner.runPickle(Runner.java:72)
	at io.cucumber.junit.PickleRunners$WithStepDescriptions.run(PickleRunners.java:110)
	at io.cucumber.junit.FeatureRunner.runChild(FeatureRunner.java:135)
	at io.cucumber.junit.FeatureRunner.runChild(FeatureRunner.java:27)
	at org.junit.runners.ParentRunner$4.run(ParentRunner.java:331)
	at org.junit.runners.ParentRunner$1.schedule(ParentRunner.java:79)
	at org.junit.runners.ParentRunner.runChildren(ParentRunner.java:329)
	at org.junit.runners.ParentRunner.access$100(ParentRunner.java:66)
	at org.junit.runners.ParentRunner$2.evaluate(ParentRunner.java:293)
	at org.junit.runners.ParentRunner$3.evaluate(ParentRunner.java:306)
	at org.junit.runners.ParentRunner.run(ParentRunner.java:413)
	at io.cucumber.junit.CucumberSerenityRunner.runChild(CucumberSerenityRunner.java:258)
	at io.cucumber.junit.CucumberSerenityRunner.runChild(CucumberSerenityRunner.java:57)
	at org.junit.runners.ParentRunner$4.run(ParentRunner.java:331)
	at org.junit.runners.ParentRunner$1.schedule(ParentRunner.java:79)
	at org.junit.runners.ParentRunner.runChildren(ParentRunner.java:329)
	at org.junit.runners.ParentRunner.access$100(ParentRunner.java:66)
	at org.junit.runners.ParentRunner$2.evaluate(ParentRunner.java:293)
	at io.cucumber.junit.CucumberSerenityRunner$RunCucumber.evaluate(CucumberSerenityRunner.java:286)
	at org.junit.runners.ParentRunner$3.evaluate(ParentRunner.java:306)
	at org.junit.runners.ParentRunner.run(ParentRunner.java:413)
	at org.apache.maven.surefire.junit4.JUnit4Provider.execute(JUnit4Provider.java:367)
	at org.apache.maven.surefire.junit4.JUnit4Provider.executeWithRerun(JUnit4Provider.java:274)
	at org.apache.maven.surefire.junit4.JUnit4Provider.executeTestSet(JUnit4Provider.java:238)
	at org.apache.maven.surefire.junit4.JUnit4Provider.invoke(JUnit4Provider.java:161)
	at org.apache.maven.surefire.booter.ForkedBooter.invokeProviderInSameClassLoader(ForkedBooter.java:290)
	at org.apache.maven.surefire.booter.ForkedBooter.runSuitesInProcess(ForkedBooter.java:242)
	at org.apache.maven.surefire.booter.ForkedBooter.main(ForkedBooter.java:121)
&amp#27;[0m
]]></system-out>
  </testcase>
  <testcase name="user success to landing page" classname="User input valid email and password" time="0">
    <skipped/>
    <system-out><![CDATA[  &amp#27;[36mAnd &amp#27;[0m&amp#27;[36muser click button login&amp#27;[0m                                     &amp#27;[90m# test.automation.stepdefinitions.LoginSteps.clickLoginButton()&amp#27;[0m
]]></system-out>
  </testcase>
  <testcase name="User input valid email and password" classname="User input valid email and password" time="0.023">
    <error message="&quot;user input valid email ii@gmail.com and valid password 123&quot; matches more than one step definition:&#10;  &quot;user input valid email {}&quot; in test.automation.stepdefinitions.RegisterSteps.inputValidEmail(java.lang.String)&#10;  &quot;user input valid email {} and valid password {}&quot; in test.automation.stepdefinitions.LoginSteps.inputValidEmailandValidPassword(java.lang.String,java.lang.String)" type="io.cucumber.core.runner.AmbiguousStepDefinitionsException">io.cucumber.core.runner.AmbiguousStepDefinitionsException: 
"user input valid email ii@gmail.com and valid password 123" matches more than one step definition:
  "user input valid email {}" in test.automation.stepdefinitions.RegisterSteps.inputValidEmail(java.lang.String)
  "user input valid email {} and valid password {}" in test.automation.stepdefinitions.LoginSteps.inputValidEmailandValidPassword(java.lang.String,java.lang.String)
</error>
    <system-out><![CDATA[  &amp#27;[36mThen &amp#27;[0m&amp#27;[36muser success to landing page&amp#27;[0m                               &amp#27;[90m# test.automation.stepdefinitions.LoginSteps.successLogin()&amp#27;[0m
]]></system-out>
  </testcase>
  <testcase name="user on login page" classname="user input valid email and invalid password" time="17.58"/>
  <testcase name="user input valid email ii@gmail.com and invalid password 123" classname="user input valid email and invalid password" time="0.013">
    <error message="&quot;user input valid email ii@gmail.com and invalid password 123&quot; matches more than one step definition:&#10;  &quot;user input valid email {}&quot; in test.automation.stepdefinitions.RegisterSteps.inputValidEmail(java.lang.String)&#10;  &quot;user input valid email {} and invalid password {}&quot; in test.automation.stepdefinitions.LoginSteps.inputInvalidPassword()" type="io.cucumber.core.runner.AmbiguousStepDefinitionsException">io.cucumber.core.runner.AmbiguousStepDefinitionsException: 
"user input valid email ii@gmail.com and invalid password 123" matches more than one step definition:
  "user input valid email {}" in test.automation.stepdefinitions.RegisterSteps.inputValidEmail(java.lang.String)
  "user input valid email {} and invalid password {}" in test.automation.stepdefinitions.LoginSteps.inputInvalidPassword()
</error>
    <system-out><![CDATA[  &amp#27;[32mGiven &amp#27;[0m&amp#27;[32muser on login page&amp#27;[0m                                          &amp#27;[90m# test.automation.stepdefinitions.LoginSteps.onLoginPage()&amp#27;[0m
]]></system-out>
  </testcase>
  <testcase name="user click button login2" classname="user input valid email and invalid password" time="0">
    <skipped/>
    <system-out><![CDATA[  &amp#27;[31mWhen &amp#27;[0m&amp#27;[31muser input valid email ii@gmail.com and invalid password 123&amp#27;[0m &amp#27;[90m# null&amp#27;[0m
      &amp#27;[31mio.cucumber.core.runner.AmbiguousStepDefinitionsException: "user input valid email ii@gmail.com and invalid password 123" matches more than one step definition:
  "user input valid email {}" in test.automation.stepdefinitions.RegisterSteps.inputValidEmail(java.lang.String)
  "user input valid email {} and invalid password {}" in test.automation.stepdefinitions.LoginSteps.inputInvalidPassword()
	at io.cucumber.core.runner.CachingGlue.findStepDefinitionMatch(CachingGlue.java:373)
	at io.cucumber.core.runner.CachingGlue.stepDefinitionMatch(CachingGlue.java:341)
	at io.cucumber.core.runner.Runner.matchStepToStepDefinition(Runner.java:148)
	at io.cucumber.core.runner.Runner.createTestStepsForPickleSteps(Runner.java:128)
	at io.cucumber.core.runner.Runner.createTestCaseForPickle(Runner.java:111)
	at io.cucumber.core.runner.Runner.runPickle(Runner.java:72)
	at io.cucumber.junit.PickleRunners$WithStepDescriptions.run(PickleRunners.java:110)
	at io.cucumber.junit.FeatureRunner.runChild(FeatureRunner.java:135)
	at io.cucumber.junit.FeatureRunner.runChild(FeatureRunner.java:27)
	at org.junit.runners.ParentRunner$4.run(ParentRunner.java:331)
	at org.junit.runners.ParentRunner$1.schedule(ParentRunner.java:79)
	at org.junit.runners.ParentRunner.runChildren(ParentRunner.java:329)
	at org.junit.runners.ParentRunner.access$100(ParentRunner.java:66)
	at org.junit.runners.ParentRunner$2.evaluate(ParentRunner.java:293)
	at org.junit.runners.ParentRunner$3.evaluate(ParentRunner.java:306)
	at org.junit.runners.ParentRunner.run(ParentRunner.java:413)
	at io.cucumber.junit.CucumberSerenityRunner.runChild(CucumberSerenityRunner.java:258)
	at io.cucumber.junit.CucumberSerenityRunner.runChild(CucumberSerenityRunner.java:57)
	at org.junit.runners.ParentRunner$4.run(ParentRunner.java:331)
	at org.junit.runners.ParentRunner$1.schedule(ParentRunner.java:79)
	at org.junit.runners.ParentRunner.runChildren(ParentRunner.java:329)
	at org.junit.runners.ParentRunner.access$100(ParentRunner.java:66)
	at org.junit.runners.ParentRunner$2.evaluate(ParentRunner.java:293)
	at io.cucumber.junit.CucumberSerenityRunner$RunCucumber.evaluate(CucumberSerenityRunner.java:286)
	at org.junit.runners.ParentRunner$3.evaluate(ParentRunner.java:306)
	at org.junit.runners.ParentRunner.run(ParentRunner.java:413)
	at org.apache.maven.surefire.junit4.JUnit4Provider.execute(JUnit4Provider.java:367)
	at org.apache.maven.surefire.junit4.JUnit4Provider.executeWithRerun(JUnit4Provider.java:274)
	at org.apache.maven.surefire.junit4.JUnit4Provider.executeTestSet(JUnit4Provider.java:238)
	at org.apache.maven.surefire.junit4.JUnit4Provider.invoke(JUnit4Provider.java:161)
	at org.apache.maven.surefire.booter.ForkedBooter.invokeProviderInSameClassLoader(ForkedBooter.java:290)
	at org.apache.maven.surefire.booter.ForkedBooter.runSuitesInProcess(ForkedBooter.java:242)
	at org.apache.maven.surefire.booter.ForkedBooter.main(ForkedBooter.java:121)
&amp#27;[0m
]]></system-out>
  </testcase>
  <testcase name="got massage2 email or password wrong" classname="user input valid email and invalid password" time="0">
    <skipped/>
    <system-out><![CDATA[  &amp#27;[36mAnd &amp#27;[0m&amp#27;[36muser click button login2&amp#27;[0m                                      &amp#27;[90m# test.automation.stepdefinitions.LoginSteps.clickLoginButton2()&amp#27;[0m
]]></system-out>
  </testcase>
  <testcase name="user input valid email and invalid password" classname="user input valid email and invalid password" time="0.015">
    <error message="&quot;user input valid email ii@gmail.com and invalid password 123&quot; matches more than one step definition:&#10;  &quot;user input valid email {}&quot; in test.automation.stepdefinitions.RegisterSteps.inputValidEmail(java.lang.String)&#10;  &quot;user input valid email {} and invalid password {}&quot; in test.automation.stepdefinitions.LoginSteps.inputInvalidPassword()" type="io.cucumber.core.runner.AmbiguousStepDefinitionsException">io.cucumber.core.runner.AmbiguousStepDefinitionsException: 
"user input valid email ii@gmail.com and invalid password 123" matches more than one step definition:
  "user input valid email {}" in test.automation.stepdefinitions.RegisterSteps.inputValidEmail(java.lang.String)
  "user input valid email {} and invalid password {}" in test.automation.stepdefinitions.LoginSteps.inputInvalidPassword()
</error>
    <system-out><![CDATA[  &amp#27;[36mThen &amp#27;[0m&amp#27;[36mgot massage2 &amp#27;[0m&amp#27;[36m&amp#27;[1memail or password wrong&amp#27;[0m                         &amp#27;[90m# test.automation.stepdefinitions.LoginSteps.iFailedToLoginAndGetErrorMessage2(java.lang.String)&amp#27;[0m
]]></system-out>
  </testcase>
  <testcase name="user on login page" classname="user input invalid email and valid password" time="17.052"/>
  <testcase name="user input invalid email and valid password" classname="user input invalid email and valid password" time="0.005"/>
  <testcase name="user click button login3" classname="user input invalid email and valid password" time="0.006"/>
  <testcase name="got massage3 email or password wrong" classname="user input invalid email and valid password" time="0.022"/>
  <testcase name="user input invalid email and valid password" classname="user input invalid email and valid password" time="0.034"/>
  <testcase name="user on login page" classname="user input invalid email and invalid password" time="22.637"/>
  <testcase name="user input invalid email and invalid password" classname="user input invalid email and invalid password" time="0.021"/>
  <testcase name="user click button login4" classname="user input invalid email and invalid password" time="0.011"/>
  <testcase name="got massage4 email or password wrong" classname="user input invalid email and invalid password" time="0.02"/>
  <testcase name="user input invalid email and invalid password" classname="user input invalid email and invalid password" time="0.184"/>
</testsuite>