<?xml version="1.0" encoding="UTF-8"?><testsuite errors="3" failures="0" name="As a user on register page" skipped="0" tests="8" time="278.31" timestamp="2022-07-15 12:23:04"><testcase name="User input valid data"><error message="Expected condition failed: waiting for element to be clickable: By.xpath: //android.view.View/android.widget.EditText[1] (tried for 30 second(s) with 500 milliseconds interval)" type="org.openqa.selenium.TimeoutException">Expected condition failed: waiting for element to be clickable: By.xpath: //android.view.View/android.widget.EditText[1] (tried for 30 second(s) with 500 milliseconds interval)</error><system-err>Expected condition failed: waiting for element to be clickable: By.xpath: //android.view.View/android.widget.EditText[1] (tried for 30 second(s) with 500 milliseconds interval)&#13;
test.automation.pageobject.BasePageObject.waitUntilClickable(BasePageObject.java:29)&#13;
test.automation.pageobject.BasePageObject.onClick(BasePageObject.java:41)&#13;
test.automation.pages.RegisterScreen.tapNamaDepan(RegisterScreen.java:28)&#13;
test.automation.stepdefinitions.RegisterSteps.inputValidNamaDepan(RegisterSteps.java:31)&#13;
io.cucumber.java.Invoker.doInvoke(Invoker.java:66)&#13;
io.cucumber.java.Invoker.invoke(Invoker.java:24)&#13;
io.cucumber.java.AbstractGlueDefinition.invokeMethod(AbstractGlueDefinition.java:47)&#13;
io.cucumber.java.JavaStepDefinition.execute(JavaStepDefinition.java:29)&#13;
io.cucumber.core.runner.CoreStepDefinition.execute(CoreStepDefinition.java:66)&#13;
io.cucumber.core.runner.PickleStepDefinitionMatch.runStep(PickleStepDefinitionMatch.java:63)&#13;
io.cucumber.core.runner.TestStep.executeStep(TestStep.java:92)&#13;
io.cucumber.core.runner.TestStep.run(TestStep.java:64)&#13;
io.cucumber.core.runner.PickleStepTestStep.run(PickleStepTestStep.java:51)&#13;
io.cucumber.core.runner.TestCase.run(TestCase.java:104)&#13;
io.cucumber.core.runner.Runner.runPickle(Runner.java:73)&#13;
io.cucumber.junit.FeatureRunner.runChild(FeatureRunner.java:135)&#13;
io.cucumber.junit.FeatureRunner.runChild(FeatureRunner.java:27)&#13;
io.cucumber.junit.CucumberSerenityRunner.runChild(CucumberSerenityRunner.java:258)&#13;
io.cucumber.junit.CucumberSerenityRunner.runChild(CucumberSerenityRunner.java:57)&#13;
</system-err></testcase><testcase name="user input email tanpa menggunakan '@'"/><testcase name="user tidak memasukkan email"/><testcase name="user tidak memasukan nama depan"/><testcase name="user tidak memasukan password"><error message="Expected condition failed: waiting for presence of element located by: By.xpath: //android.view.View/android.widget.EditText[5] (tried for 30 second(s) with 500 milliseconds interval)" type="org.openqa.selenium.TimeoutException">Expected condition failed: waiting for presence of element located by: By.xpath: //android.view.View/android.widget.EditText[5] (tried for 30 second(s) with 500 milliseconds interval)</error><system-err>Expected condition failed: waiting for presence of element located by: By.xpath: //android.view.View/android.widget.EditText[5] (tried for 30 second(s) with 500 milliseconds interval)&#13;
test.automation.pageobject.BasePageObject.waitUntilPresence(BasePageObject.java:33)&#13;
test.automation.pageobject.BasePageObject.onType(BasePageObject.java:45)&#13;
test.automation.pages.RegisterScreen.typeConfirmPassword(RegisterScreen.java:46)&#13;
test.automation.stepdefinitions.RegisterSteps.inputValidConfirmPassword5(RegisterSteps.java:252)&#13;
io.cucumber.java.Invoker.doInvoke(Invoker.java:66)&#13;
io.cucumber.java.Invoker.invoke(Invoker.java:24)&#13;
io.cucumber.java.AbstractGlueDefinition.invokeMethod(AbstractGlueDefinition.java:47)&#13;
io.cucumber.java.JavaStepDefinition.execute(JavaStepDefinition.java:29)&#13;
io.cucumber.core.runner.CoreStepDefinition.execute(CoreStepDefinition.java:66)&#13;
io.cucumber.core.runner.PickleStepDefinitionMatch.runStep(PickleStepDefinitionMatch.java:63)&#13;
io.cucumber.core.runner.TestStep.executeStep(TestStep.java:92)&#13;
io.cucumber.core.runner.TestStep.run(TestStep.java:64)&#13;
io.cucumber.core.runner.PickleStepTestStep.run(PickleStepTestStep.java:51)&#13;
io.cucumber.core.runner.TestCase.run(TestCase.java:104)&#13;
io.cucumber.core.runner.Runner.runPickle(Runner.java:73)&#13;
io.cucumber.junit.FeatureRunner.runChild(FeatureRunner.java:135)&#13;
io.cucumber.junit.FeatureRunner.runChild(FeatureRunner.java:27)&#13;
io.cucumber.junit.CucumberSerenityRunner.runChild(CucumberSerenityRunner.java:258)&#13;
io.cucumber.junit.CucumberSerenityRunner.runChild(CucumberSerenityRunner.java:57)&#13;
</system-err></testcase><testcase name="user tidak memasukan nama belakang"/><testcase name="user tidak memasukan jenis kelamin"/><testcase name="user tidak mengisi confirm password"><error message="Expected condition failed: waiting for element to be clickable: By.AccessibilityId: Switch to input (tried for 30 second(s) with 500 milliseconds interval)" type="org.openqa.selenium.TimeoutException">Expected condition failed: waiting for element to be clickable: By.AccessibilityId: Switch to input (tried for 30 second(s) with 500 milliseconds interval)</error><system-err>Expected condition failed: waiting for element to be clickable: By.AccessibilityId: Switch to input (tried for 30 second(s) with 500 milliseconds interval)&#13;
test.automation.pageobject.BasePageObject.waitUntilClickable(BasePageObject.java:29)&#13;
test.automation.pageobject.BasePageObject.onClick(BasePageObject.java:41)&#13;
test.automation.pages.RegisterScreen.switchToManual(RegisterScreen.java:54)&#13;
test.automation.stepdefinitions.RegisterSteps.inputValidTanggal8(RegisterSteps.java:400)&#13;
io.cucumber.java.Invoker.doInvoke(Invoker.java:66)&#13;
io.cucumber.java.Invoker.invoke(Invoker.java:24)&#13;
io.cucumber.java.AbstractGlueDefinition.invokeMethod(AbstractGlueDefinition.java:47)&#13;
io.cucumber.java.JavaStepDefinition.execute(JavaStepDefinition.java:29)&#13;
io.cucumber.core.runner.CoreStepDefinition.execute(CoreStepDefinition.java:66)&#13;
io.cucumber.core.runner.PickleStepDefinitionMatch.runStep(PickleStepDefinitionMatch.java:63)&#13;
io.cucumber.core.runner.TestStep.executeStep(TestStep.java:92)&#13;
io.cucumber.core.runner.TestStep.run(TestStep.java:64)&#13;
io.cucumber.core.runner.PickleStepTestStep.run(PickleStepTestStep.java:51)&#13;
io.cucumber.core.runner.TestCase.run(TestCase.java:104)&#13;
io.cucumber.core.runner.Runner.runPickle(Runner.java:73)&#13;
io.cucumber.junit.FeatureRunner.runChild(FeatureRunner.java:135)&#13;
io.cucumber.junit.FeatureRunner.runChild(FeatureRunner.java:27)&#13;
io.cucumber.junit.CucumberSerenityRunner.runChild(CucumberSerenityRunner.java:258)&#13;
io.cucumber.junit.CucumberSerenityRunner.runChild(CucumberSerenityRunner.java:57)&#13;
</system-err></testcase></testsuite>